[0327/173157.895:INFO:CONSOLE(66)] "You must enable Billing on the Google Cloud Project at https://console.cloud.google.com/project/_/billing/enable Learn more at https://developers.google.com/maps/gmp-get-started", source: https://maps.googleapis.com/maps/api/js?key=AIzaSyCy-fMWerzvXcPCV0FDI07hW2DAzs_mnpY&callback=initMap (66)
[0327/173206.646:INFO:CONSOLE(22)] "Here I am !!!", source: https://cn1app/streams/1 (22)
[0327/173237.761:WARNING:spdy_session.cc(3365)] Received HEADERS for invalid stream 481
[0327/173237.800:WARNING:spdy_session.cc(3365)] Received HEADERS for invalid stream 455
[0327/173237.804:WARNING:spdy_session.cc(3365)] Received HEADERS for invalid stream 483
[0327/173237.823:WARNING:spdy_session.cc(3365)] Received HEADERS for invalid stream 457
[0327/173237.824:WARNING:spdy_session.cc(3365)] Received HEADERS for invalid stream 487
[0327/173237.825:WARNING:spdy_session.cc(3365)] Received HEADERS for invalid stream 489
[0327/173237.827:WARNING:spdy_session.cc(3365)] Received HEADERS for invalid stream 461
[0327/173237.853:WARNING:spdy_session.cc(3365)] Received HEADERS for invalid stream 467
[0327/173237.860:WARNING:spdy_session.cc(3365)] Received HEADERS for invalid stream 491
[0327/173237.887:WARNING:spdy_session.cc(3365)] Received HEADERS for invalid stream 493
[0327/173237.887:WARNING:spdy_session.cc(3365)] Received HEADERS for invalid stream 497
[0327/173237.887:WARNING:spdy_session.cc(3365)] Received HEADERS for invalid stream 495
[0327/173237.887:WARNING:spdy_session.cc(3365)] Received HEADERS for invalid stream 477
[0327/173237.910:WARNING:spdy_session.cc(3365)] Received HEADERS for invalid stream 485
[0327/173416.454:INFO:CONSOLE(66)] "You must enable Billing on the Google Cloud Project at https://console.cloud.google.com/project/_/billing/enable Learn more at https://developers.google.com/maps/gmp-get-started", source: https://maps.googleapis.com/maps/api/js?key=AIzaSyCy-fMWerzvXcPCV0FDI07hW2DAzs_mnpY&callback=initMap (66)
[0327/173424.533:INFO:CONSOLE(22)] "Here I am !!!", source: https://cn1app/streams/1 (22)
[0327/173654.539:INFO:CONSOLE(66)] "You must enable Billing on the Google Cloud Project at https://console.cloud.google.com/project/_/billing/enable Learn more at https://developers.google.com/maps/gmp-get-started", source: https://maps.googleapis.com/maps/api/js?key=AIzaSyCy-fMWerzvXcPCV0FDI07hW2DAzs_mnpY&callback=initMap (66)
[0327/173702.468:INFO:CONSOLE(22)] "Here I am !!!", source: https://cn1app/streams/1 (22)
[0327/174305.663:INFO:CONSOLE(66)] "You must enable Billing on the Google Cloud Project at https://console.cloud.google.com/project/_/billing/enable Learn more at https://developers.google.com/maps/gmp-get-started", source: https://maps.googleapis.com/maps/api/js?key=AIzaSyCy-fMWerzvXcPCV0FDI07hW2DAzs_mnpY&callback=initMap (66)
[0327/174313.307:INFO:CONSOLE(22)] "Here I am !!!", source: https://cn1app/streams/1 (22)
[0327/174319.750:WARNING:spdy_session.cc(3365)] Received HEADERS for invalid stream 151
[0327/174350.146:WARNING:spdy_session.cc(3365)] Received HEADERS for invalid stream 243
[0327/174350.179:WARNING:spdy_session.cc(3365)] Received HEADERS for invalid stream 245
[0327/174350.187:WARNING:spdy_session.cc(3365)] Received HEADERS for invalid stream 247
[0327/174350.195:WARNING:spdy_session.cc(3365)] Received HEADERS for invalid stream 249
[0327/174350.252:WARNING:spdy_session.cc(3365)] Received HEADERS for invalid stream 251
[0327/174350.541:WARNING:spdy_session.cc(3365)] Received HEADERS for invalid stream 257
[0327/174350.554:WARNING:spdy_session.cc(3365)] Received HEADERS for invalid stream 259
[0327/174350.577:WARNING:spdy_session.cc(3365)] Received HEADERS for invalid stream 261
[0327/174350.583:WARNING:spdy_session.cc(3365)] Received HEADERS for invalid stream 263
[0327/174350.583:WARNING:spdy_session.cc(3365)] Received HEADERS for invalid stream 265
[0327/174350.588:WARNING:spdy_session.cc(3365)] Received HEADERS for invalid stream 267
[0327/174350.606:WARNING:spdy_session.cc(3365)] Received HEADERS for invalid stream 271
[0327/174350.615:WARNING:spdy_session.cc(3365)] Received HEADERS for invalid stream 269
[0327/174350.694:WARNING:spdy_session.cc(3365)] Received HEADERS for invalid stream 279
[0327/174350.699:WARNING:spdy_session.cc(3365)] Received HEADERS for invalid stream 281
[0327/174350.705:WARNING:spdy_session.cc(3365)] Received HEADERS for invalid stream 277
[0327/174350.721:WARNING:spdy_session.cc(3365)] Received HEADERS for invalid stream 283
[0327/174350.729:WARNING:spdy_session.cc(3365)] Received HEADERS for invalid stream 285
[0327/174350.737:WARNING:spdy_session.cc(3365)] Received HEADERS for invalid stream 275
[0327/174350.993:WARNING:spdy_session.cc(3365)] Received HEADERS for invalid stream 293
[0327/174350.997:WARNING:spdy_session.cc(3365)] Received HEADERS for invalid stream 297
[0327/174351.006:WARNING:spdy_session.cc(3365)] Received HEADERS for invalid stream 295
[0327/174351.010:WARNING:spdy_session.cc(3365)] Received HEADERS for invalid stream 299
[0327/174351.015:WARNING:spdy_session.cc(3365)] Received HEADERS for invalid stream 301
[0327/174351.020:WARNING:spdy_session.cc(3365)] Received HEADERS for invalid stream 303
[0327/174351.420:WARNING:spdy_session.cc(3365)] Received HEADERS for invalid stream 339
[0327/174351.433:WARNING:spdy_session.cc(3365)] Received HEADERS for invalid stream 343
[0327/174351.454:WARNING:spdy_session.cc(3365)] Received HEADERS for invalid stream 341
[0327/174351.711:WARNING:spdy_session.cc(3365)] Received HEADERS for invalid stream 357
[0327/174351.719:WARNING:spdy_session.cc(3365)] Received HEADERS for invalid stream 361
[0327/174351.725:WARNING:spdy_session.cc(3365)] Received HEADERS for invalid stream 359
[0327/175915.583:INFO:CONSOLE(66)] "You must enable Billing on the Google Cloud Project at https://console.cloud.google.com/project/_/billing/enable Learn more at https://developers.google.com/maps/gmp-get-started", source: https://maps.googleapis.com/maps/api/js?key=AIzaSyCy-fMWerzvXcPCV0FDI07hW2DAzs_mnpY&callback=initMap (66)
[0327/175923.284:INFO:CONSOLE(22)] "Here I am !!!", source: https://cn1app/streams/1 (22)
[0327/175937.393:WARNING:spdy_session.cc(3365)] Received HEADERS for invalid stream 361
[0327/175937.404:WARNING:spdy_session.cc(3365)] Received HEADERS for invalid stream 363
[0327/175937.505:WARNING:spdy_session.cc(3365)] Received HEADERS for invalid stream 365
[0327/175937.520:WARNING:spdy_session.cc(3365)] Received HEADERS for invalid stream 373
[0327/175937.541:WARNING:spdy_session.cc(3365)] Received HEADERS for invalid stream 375
[0327/175937.566:WARNING:spdy_session.cc(3365)] Received HEADERS for invalid stream 377
[0327/175937.578:WARNING:spdy_session.cc(3365)] Received HEADERS for invalid stream 379
[0327/175937.595:WARNING:spdy_session.cc(3365)] Received HEADERS for invalid stream 385
[0327/175937.603:WARNING:spdy_session.cc(3365)] Received HEADERS for invalid stream 381
[0327/175937.620:WARNING:spdy_session.cc(3365)] Received HEADERS for invalid stream 383
[0327/175937.627:WARNING:spdy_session.cc(3365)] Received HEADERS for invalid stream 369
[0327/175937.642:WARNING:spdy_session.cc(3365)] Received HEADERS for invalid stream 367
[0327/175937.987:WARNING:spdy_session.cc(3365)] Received HEADERS for invalid stream 371
[0327/175937.987:WARNING:spdy_session.cc(3365)] Received HEADERS for invalid stream 387
[0327/175945.073:WARNING:spdy_session.cc(3365)] Received HEADERS for invalid stream 505
[0327/180001.188:WARNING:spdy_session.cc(3365)] Received HEADERS for invalid stream 645
[0327/180001.206:WARNING:spdy_session.cc(3365)] Received HEADERS for invalid stream 647
[0327/180001.228:WARNING:spdy_session.cc(3365)] Received HEADERS for invalid stream 649
[0327/180003.184:WARNING:spdy_session.cc(3365)] Received HEADERS for invalid stream 715
[0327/180003.249:WARNING:spdy_session.cc(3365)] Received HEADERS for invalid stream 679
[0327/180003.281:WARNING:spdy_session.cc(3365)] Received HEADERS for invalid stream 681
[0327/180003.289:WARNING:spdy_session.cc(3365)] Received HEADERS for invalid stream 705
[0327/180003.332:WARNING:spdy_session.cc(3365)] Received HEADERS for invalid stream 709
[0327/180003.349:WARNING:spdy_session.cc(3365)] Received HEADERS for invalid stream 683
[0327/180003.364:WARNING:spdy_session.cc(3365)] Received HEADERS for invalid stream 707
[0327/180003.900:WARNING:spdy_session.cc(3365)] Received HEADERS for invalid stream 695
[0327/180004.044:WARNING:spdy_session.cc(3365)] Received HEADERS for invalid stream 703
[0327/180004.167:WARNING:spdy_session.cc(3365)] Received HEADERS for invalid stream 717
[0327/180005.474:WARNING:spdy_session.cc(3365)] Received HEADERS for invalid stream 747
[0327/180005.633:WARNING:spdy_session.cc(3365)] Received HEADERS for invalid stream 749
[0327/180005.789:WARNING:spdy_session.cc(3365)] Received HEADERS for invalid stream 751
[0327/180005.796:WARNING:spdy_session.cc(3365)] Received HEADERS for invalid stream 753
[0327/180005.807:WARNING:spdy_session.cc(3365)] Received HEADERS for invalid stream 755
[0327/180005.958:WARNING:spdy_session.cc(3365)] Received HEADERS for invalid stream 757
[0327/180005.970:WARNING:spdy_session.cc(3365)] Received HEADERS for invalid stream 759
[0327/181004.501:INFO:CONSOLE(66)] "You must enable Billing on the Google Cloud Project at https://console.cloud.google.com/project/_/billing/enable Learn more at https://developers.google.com/maps/gmp-get-started", source: https://maps.googleapis.com/maps/api/js?key=AIzaSyCy-fMWerzvXcPCV0FDI07hW2DAzs_mnpY&callback=initMap (66)
[0327/181012.531:INFO:CONSOLE(22)] "Here I am !!!", source: https://cn1app/streams/1 (22)
[0327/181051.266:INFO:CONSOLE(66)] "You must enable Billing on the Google Cloud Project at https://console.cloud.google.com/project/_/billing/enable Learn more at https://developers.google.com/maps/gmp-get-started", source: https://maps.googleapis.com/maps/api/js?key=AIzaSyCy-fMWerzvXcPCV0FDI07hW2DAzs_mnpY&callback=initMap (66)
[0327/181058.068:INFO:CONSOLE(22)] "Here I am !!!", source: https://cn1app/streams/1 (22)
[0327/181100.212:WARNING:spdy_session.cc(3365)] Received HEADERS for invalid stream 207
[0327/181100.243:WARNING:spdy_session.cc(3365)] Received HEADERS for invalid stream 209
[0327/181100.447:WARNING:spdy_session.cc(3365)] Received HEADERS for invalid stream 223
[0327/181100.457:WARNING:spdy_session.cc(3365)] Received HEADERS for invalid stream 225
[0327/181100.498:WARNING:spdy_session.cc(3365)] Received HEADERS for invalid stream 227
[0327/181100.515:WARNING:spdy_session.cc(3365)] Received HEADERS for invalid stream 231
[0327/181100.534:WARNING:spdy_session.cc(3365)] Received HEADERS for invalid stream 233
[0327/181100.540:WARNING:spdy_session.cc(3365)] Received HEADERS for invalid stream 221
[0327/181100.556:WARNING:spdy_session.cc(3365)] Received HEADERS for invalid stream 235
[0327/181100.964:WARNING:spdy_session.cc(3365)] Received HEADERS for invalid stream 261
[0327/181100.997:WARNING:spdy_session.cc(3365)] Received HEADERS for invalid stream 285
[0327/181101.019:WARNING:spdy_session.cc(3365)] Received HEADERS for invalid stream 269
[0327/181101.064:WARNING:spdy_session.cc(3365)] Received HEADERS for invalid stream 271
[0327/181101.083:WARNING:spdy_session.cc(3365)] Received HEADERS for invalid stream 265
[0327/181101.108:WARNING:spdy_session.cc(3365)] Received HEADERS for invalid stream 267
[0327/181101.152:WARNING:spdy_session.cc(3365)] Received HEADERS for invalid stream 301
[0327/181101.531:WARNING:spdy_session.cc(3365)] Received HEADERS for invalid stream 343
[0327/181101.540:WARNING:spdy_session.cc(3365)] Received HEADERS for invalid stream 341
[0327/181101.561:WARNING:spdy_session.cc(3365)] Received HEADERS for invalid stream 347
[0327/181101.582:WARNING:spdy_session.cc(3365)] Received HEADERS for invalid stream 345
[0327/181101.614:WARNING:spdy_session.cc(3365)] Received HEADERS for invalid stream 369
[0327/181101.653:WARNING:spdy_session.cc(3365)] Received HEADERS for invalid stream 359
[0327/181101.665:WARNING:spdy_session.cc(3365)] Received HEADERS for invalid stream 381
[0327/183318.116:INFO:CONSOLE(66)] "You must enable Billing on the Google Cloud Project at https://console.cloud.google.com/project/_/billing/enable Learn more at https://developers.google.com/maps/gmp-get-started", source: https://maps.googleapis.com/maps/api/js?key=AIzaSyCy-fMWerzvXcPCV0FDI07hW2DAzs_mnpY&callback=initMap (66)
[0327/183325.643:INFO:CONSOLE(22)] "Here I am !!!", source: https://cn1app/streams/1 (22)
[0327/184601.595:INFO:CONSOLE(66)] "You must enable Billing on the Google Cloud Project at https://console.cloud.google.com/project/_/billing/enable Learn more at https://developers.google.com/maps/gmp-get-started", source: https://maps.googleapis.com/maps/api/js?key=AIzaSyCy-fMWerzvXcPCV0FDI07hW2DAzs_mnpY&callback=initMap (66)
[0327/184609.672:INFO:CONSOLE(22)] "Here I am !!!", source: https://cn1app/streams/1 (22)
[0328/120033.637:WARNING:dns_config_service_win.cc(700)] Failed to read DnsConfig.
[0328/120039.008:WARNING:dns_config_service_win.cc(700)] Failed to read DnsConfig.
[0328/120044.014:WARNING:dns_config_service_win.cc(700)] Failed to read DnsConfig.
[0328/120047.599:WARNING:dns_config_service_win.cc(700)] Failed to read DnsConfig.
[0328/120049.026:WARNING:dns_config_service_win.cc(700)] Failed to read DnsConfig.
[0328/120052.611:WARNING:dns_config_service_win.cc(700)] Failed to read DnsConfig.
[0328/120054.036:WARNING:dns_config_service_win.cc(700)] Failed to read DnsConfig.
[0328/120057.616:WARNING:dns_config_service_win.cc(700)] Failed to read DnsConfig.
[0328/120059.041:WARNING:dns_config_service_win.cc(700)] Failed to read DnsConfig.
[0328/120102.631:WARNING:dns_config_service_win.cc(700)] Failed to read DnsConfig.
[0328/120104.055:WARNING:dns_config_service_win.cc(700)] Failed to read DnsConfig.
[0328/120107.636:WARNING:dns_config_service_win.cc(700)] Failed to read DnsConfig.
[0328/120109.069:WARNING:dns_config_service_win.cc(700)] Failed to read DnsConfig.
[0331/222927.950:INFO:CONSOLE(69)] "You must enable Billing on the Google Cloud Project at https://console.cloud.google.com/project/_/billing/enable Learn more at https://developers.google.com/maps/gmp-get-started", source: https://maps.googleapis.com/maps/api/js?key=AIzaSyCy-fMWerzvXcPCV0FDI07hW2DAzs_mnpY&callback=initMap (69)
[0331/222936.162:INFO:CONSOLE(22)] "Here I am !!!", source: https://cn1app/streams/1 (22)
[0513/133517.412:INFO:CONSOLE(66)] "You must enable Billing on the Google Cloud Project at https://console.cloud.google.com/project/_/billing/enable Learn more at https://developers.google.com/maps/gmp-get-started", source: https://maps.googleapis.com/maps/api/js?key=AIzaSyCy-fMWerzvXcPCV0FDI07hW2DAzs_mnpY&callback=initMap (66)
[0513/133525.765:INFO:CONSOLE(22)] "Here I am !!!", source: https://cn1app/streams/1 (22)
[0513/153154.347:INFO:CONSOLE(22)] "Here I am !!!", source: https://cn1app/streams/1 (22)
[0513/153333.830:WARNING:dns_config_service_win.cc(700)] Failed to read DnsConfig.
[0513/153333.832:WARNING:dns_config_service_win.cc(700)] Failed to read DnsConfig.
[0513/153333.852:WARNING:dns_config_service_win.cc(700)] Failed to read DnsConfig.
[0513/153333.854:WARNING:dns_config_service_win.cc(700)] Failed to read DnsConfig.
[0513/153411.754:INFO:CONSOLE(79)] "Uncaught (in promise) Error: Could not load "controls".", source: https://maps.googleapis.com/maps/api/js?key=AIzaSyCy-fMWerzvXcPCV0FDI07hW2DAzs_mnpY&callback=initMap (79)
